<?xml version="1.0" encoding="utf-8"?>
<!DOCTYPE coverage SYSTEM "http://cobertura.sourceforge.net/xml/coverage-04.dtd">
<coverage line-rate="0.9365079365079365" branch-rate="0.16666666666666666" lines-covered="59" lines-valid="63" branches-covered="1" branches-valid="6" complexity="24" version="0" timestamp="1780140648">
  <sources>
    <source>/home/runner/work/TaskManagementService/TaskManagementService/src/</source>
  </sources>
  <packages>
    <package name="TaskManagementService.Api" line-rate="1" branch-rate="0.5" complexity="5">
      <classes>
        <class name="TaskManagementService.Api.BackgroundServices.OutboxProcessorBackgroundService" filename="/home/runner/work/TaskManagementService/TaskManagementService/src/TaskManagementService.Api/BackgroundServices/OutboxProcessorBackgroundService.cs" line-rate="1" branch-rate="1" complexity="1">
          <methods>
            <method name=".ctor" signature="(Microsoft.Extensions.DependencyInjection.IServiceScopeFactory,TaskManagementService.Domain.Interfaces.ITaskEventService,Microsoft.Extensions.Logging.ILogger`1&lt;TaskManagementService.Api.BackgroundServices.OutboxProcessorBackgroundService&gt;)" line-rate="1" branch-rate="1" complexity="1">
              <lines>
                <line number="15" hits="2" branch="false" />
                <line number="16" hits="2" branch="false" />
                <line number="17" hits="2" branch="false" />
                <line number="18" hits="2" branch="false" />
                <line number="19" hits="2" branch="false" />
              </lines>
            </method>
          </methods>
          <lines>
            <line number="15" hits="2" branch="false" />
            <line number="16" hits="2" branch="false" />
            <line number="17" hits="2" branch="false" />
            <line number="18" hits="2" branch="false" />
            <line number="19" hits="2" branch="false" />
          </lines>
        </class>
        <class name="TaskManagementService.Api.Controllers.TasksController" filename="/home/runner/work/TaskManagementService/TaskManagementService/src/TaskManagementService.Api/Controllers/TasksController.cs" line-rate="1" branch-rate="1" complexity="2">
          <methods>
            <method name="get_CurrentUserId" signature="()" line-rate="1" branch-rate="1" complexity="1">
              <lines>
                <line number="20" hits="8" branch="false" />
              </lines>
            </method>
            <method name=".ctor" signature="(TaskManagementService.Domain.Interfaces.ITaskRepository)" line-rate="1" branch-rate="1" complexity="1">
              <lines>
                <line number="14" hits="8" branch="false" />
              </lines>
            </method>
          </methods>
          <lines>
            <line number="14" hits="8" branch="false" />
            <line number="20" hits="8" branch="false" />
          </lines>
        </class>
        <class name="TaskManagementService.Api.Services.TaskEventService" filename="/home/runner/work/TaskManagementService/TaskManagementService/src/TaskManagementService.Api/Services/TaskEventService.cs" line-rate="1" branch-rate="0.5" complexity="2">
          <methods>
            <method name=".ctor" signature="(System.Net.Http.HttpClient,Microsoft.Extensions.Configuration.IConfiguration,Microsoft.Extensions.Logging.ILogger`1&lt;TaskManagementService.Api.Services.TaskEventService&gt;,Microsoft.Extensions.Options.IOptions`1&lt;TaskManagementService.Domain.Configurations.RabbitMqOptions&gt;)" line-rate="1" branch-rate="0.5" complexity="2">
              <lines>
                <line number="18" hits="3" branch="false" />
                <line number="19" hits="3" branch="false" />
                <line number="20" hits="3" branch="false" />
                <line number="21" hits="3" branch="false" />
                <line number="22" hits="3" branch="false" />
                <line number="23" hits="3" branch="false" />
                <line number="24" hits="3" branch="false" />
                <line number="26" hits="3" branch="true" condition-coverage="50% (1/2)" />
                <line number="27" hits="3" branch="false" />
                <line number="29" hits="3" branch="false" />
              </lines>
            </method>
          </methods>
          <lines>
            <line number="18" hits="3" branch="false" />
            <line number="19" hits="3" branch="false" />
            <line number="20" hits="3" branch="false" />
            <line number="21" hits="3" branch="false" />
            <line number="22" hits="3" branch="false" />
            <line number="23" hits="3" branch="false" />
            <line number="24" hits="3" branch="false" />
            <line number="26" hits="3" branch="true" condition-coverage="50% (1/2)" />
            <line number="27" hits="3" branch="false" />
            <line number="29" hits="3" branch="false" />
          </lines>
        </class>
      </classes>
    </package>
    <package name="TaskManagementService.Dal" line-rate="1" branch-rate="1" complexity="6">
      <classes>
        <class name="TaskManagementService.Dal.AppDbContext" filename="/home/runner/work/TaskManagementService/TaskManagementService/src/TaskManagementService.Dal/AppDbContext.cs" line-rate="1" branch-rate="1" complexity="4">
          <methods>
            <method name="get_Tasks" signature="()" line-rate="1" branch-rate="1" complexity="1">
              <lines>
                <line number="15" hits="15" branch="false" />
              </lines>
            </method>
            <method name="get_OutboxMessages" signature="()" line-rate="1" branch-rate="1" complexity="1">
              <lines>
                <line number="20" hits="13" branch="false" />
              </lines>
            </method>
            <method name="OnModelCreating" signature="(Microsoft.EntityFrameworkCore.ModelBuilder)" line-rate="1" branch-rate="1" complexity="1">
              <lines>
                <line number="28" hits="1" branch="false" />
                <line number="30" hits="1" branch="false" />
                <line number="31" hits="1" branch="false" />
                <line number="32" hits="1" branch="false" />
                <line number="33" hits="1" branch="false" />
                <line number="34" hits="1" branch="false" />
                <line number="36" hits="1" branch="false" />
                <line number="37" hits="1" branch="false" />
                <line number="38" hits="1" branch="false" />
                <line number="39" hits="1" branch="false" />
                <line number="40" hits="1" branch="false" />
              </lines>
            </method>
            <method name=".ctor" signature="(Microsoft.EntityFrameworkCore.DbContextOptions`1&lt;TaskManagementService.Dal.AppDbContext&gt;)" line-rate="1" branch-rate="1" complexity="1">
              <lines>
                <line number="10" hits="16" branch="false" />
              </lines>
            </method>
          </methods>
          <lines>
            <line number="10" hits="16" branch="false" />
            <line number="15" hits="15" branch="false" />
            <line number="20" hits="13" branch="false" />
            <line number="28" hits="1" branch="false" />
            <line number="30" hits="1" branch="false" />
            <line number="31" hits="1" branch="false" />
            <line number="32" hits="1" branch="false" />
            <line number="33" hits="1" branch="false" />
            <line number="34" hits="1" branch="false" />
            <line number="36" hits="1" branch="false" />
            <line number="37" hits="1" branch="false" />
            <line number="38" hits="1" branch="false" />
            <line number="39" hits="1" branch="false" />
            <line number="40" hits="1" branch="false" />
          </lines>
        </class>
        <class name="TaskManagementService.Dal.Repositories.TaskRepository" filename="/home/runner/work/TaskManagementService/TaskManagementService/src/TaskManagementService.Dal/Repositories/TaskRepository.cs" line-rate="1" branch-rate="1" complexity="2">
          <methods>
            <method name="EnqueueOutbox" signature="(System.String,TaskManagementService.Domain.Models.TaskItem)" line-rate="1" branch-rate="1" complexity="1">
              <lines>
                <line number="73" hits="3" branch="false" />
                <line number="74" hits="3" branch="false" />
                <line number="75" hits="3" branch="false" />
                <line number="76" hits="3" branch="false" />
                <line number="77" hits="3" branch="false" />
                <line number="78" hits="3" branch="false" />
                <line number="79" hits="3" branch="false" />
                <line number="80" hits="3" branch="false" />
                <line number="81" hits="3" branch="false" />
              </lines>
            </method>
            <method name=".ctor" signature="(TaskManagementService.Dal.AppDbContext)" line-rate="1" branch-rate="1" complexity="1">
              <lines>
                <line number="13" hits="6" branch="false" />
              </lines>
            </method>
          </methods>
          <lines>
            <line number="13" hits="6" branch="false" />
            <line number="73" hits="3" branch="false" />
            <line number="74" hits="3" branch="false" />
            <line number="75" hits="3" branch="false" />
            <line number="76" hits="3" branch="false" />
            <line number="77" hits="3" branch="false" />
            <line number="78" hits="3" branch="false" />
            <line number="79" hits="3" branch="false" />
            <line number="80" hits="3" branch="false" />
            <line number="81" hits="3" branch="false" />
          </lines>
        </class>
      </classes>
    </package>
    <package name="TaskManagementService.Listener.Http.Api" line-rate="1" branch-rate="1" complexity="2">
      <classes>
        <class name="TaskManagementService.Listener.Http.Api.Controllers.TaskEventsController" filename="/home/runner/work/TaskManagementService/TaskManagementService/src/TaskManagementService.Listener.Http.Api/Controllers/TaskEventsController.cs" line-rate="1" branch-rate="1" complexity="2">
          <methods>
            <method name="HandleEvent" signature="(System.String,TaskManagementService.Domain.Models.TaskItem)" line-rate="1" branch-rate="1" complexity="1">
              <lines>
                <line number="24" hits="2" branch="false" />
                <line number="26" hits="2" branch="false" />
                <line number="28" hits="2" branch="false" />
              </lines>
            </method>
            <method name=".ctor" signature="(Microsoft.Extensions.Logging.ILogger`1&lt;TaskManagementService.Listener.Http.Api.Controllers.TaskEventsController&gt;)" line-rate="1" branch-rate="1" complexity="1">
              <lines>
                <line number="13" hits="2" branch="false" />
              </lines>
            </method>
          </methods>
          <lines>
            <line number="13" hits="2" branch="false" />
            <line number="24" hits="2" branch="false" />
            <line number="26" hits="2" branch="false" />
            <line number="28" hits="2" branch="false" />
          </lines>
        </class>
      </classes>
    </package>
    <package name="TaskManagementService.Listener.Rabbit.Api" line-rate="0.7777777777777778" branch-rate="0" complexity="11">
      <classes>
        <class name="TaskManagementService.Listener.Rabbit.Api.BackgroundServices.RabbitMqConsumerService" filename="/home/runner/work/TaskManagementService/TaskManagementService/src/TaskManagementService.Listener.Rabbit.Api/BackgroundServices/RabbitMqConsumerService.cs" line-rate="0.6666666666666666" branch-rate="0" complexity="5">
          <methods>
            <method name="Dispose" signature="()" line-rate="0" branch-rate="0" complexity="4">
              <lines>
                <line number="117" hits="0" branch="true" condition-coverage="0% (0/2)" />
                <line number="118" hits="0" branch="true" condition-coverage="0% (0/2)" />
                <line number="119" hits="0" branch="false" />
                <line number="120" hits="0" branch="false" />
              </lines>
            </method>
            <method name=".ctor" signature="(Microsoft.Extensions.Logging.ILogger`1&lt;TaskManagementService.Listener.Rabbit.Api.BackgroundServices.RabbitMqConsumerService&gt;,Microsoft.Extensions.Options.IOptions`1&lt;TaskManagementService.Domain.Configurations.RabbitMqOptions&gt;,Microsoft.Extensions.DependencyInjection.IServiceScopeFactory)" line-rate="1" branch-rate="1" complexity="1">
              <lines>
                <line number="29" hits="1" branch="false" />
                <line number="30" hits="1" branch="false" />
                <line number="31" hits="1" branch="false" />
                <line number="32" hits="1" branch="false" />
                <line number="34" hits="1" branch="false" />
                <line number="35" hits="1" branch="false" />
                <line number="36" hits="1" branch="false" />
                <line number="37" hits="1" branch="false" />
              </lines>
            </method>
          </methods>
          <lines>
            <line number="29" hits="1" branch="false" />
            <line number="30" hits="1" branch="false" />
            <line number="31" hits="1" branch="false" />
            <line number="32" hits="1" branch="false" />
            <line number="34" hits="1" branch="false" />
            <line number="35" hits="1" branch="false" />
            <line number="36" hits="1" branch="false" />
            <line number="37" hits="1" branch="false" />
            <line number="117" hits="0" branch="true" condition-coverage="0% (0/2)" />
            <line number="118" hits="0" branch="true" condition-coverage="0% (0/2)" />
            <line number="119" hits="0" branch="false" />
            <line number="120" hits="0" branch="false" />
          </lines>
        </class>
        <class name="TaskManagementService.Listener.Rabbit.Api.Handlers.TaskCreatedEventHandler" filename="/home/runner/work/TaskManagementService/TaskManagementService/src/TaskManagementService.Listener.Rabbit.Api/Handlers/TaskCreatedEventHandler.cs" line-rate="1" branch-rate="1" complexity="2">
          <methods>
            <method name="get_ActionName" signature="()" line-rate="1" branch-rate="1" complexity="1">
              <lines>
                <line number="15" hits="1" branch="false" />
              </lines>
            </method>
            <method name=".ctor" signature="(Microsoft.Extensions.Logging.ILogger`1&lt;TaskManagementService.Listener.Rabbit.Api.Handlers.TaskCreatedEventHandler&gt;)" line-rate="1" branch-rate="1" complexity="1">
              <lines>
                <line number="12" hits="2" branch="false" />
              </lines>
            </method>
          </methods>
          <lines>
            <line number="12" hits="2" branch="false" />
            <line number="15" hits="1" branch="false" />
          </lines>
        </class>
        <class name="TaskManagementService.Listener.Rabbit.Api.Handlers.TaskDeletedEventHandler" filename="/home/runner/work/TaskManagementService/TaskManagementService/src/TaskManagementService.Listener.Rabbit.Api/Handlers/TaskDeletedEventHandler.cs" line-rate="1" branch-rate="1" complexity="2">
          <methods>
            <method name="get_ActionName" signature="()" line-rate="1" branch-rate="1" complexity="1">
              <lines>
                <line number="15" hits="1" branch="false" />
              </lines>
            </method>
            <method name=".ctor" signature="(Microsoft.Extensions.Logging.ILogger`1&lt;TaskManagementService.Listener.Rabbit.Api.Handlers.TaskDeletedEventHandler&gt;)" line-rate="1" branch-rate="1" complexity="1">
              <lines>
                <line number="12" hits="2" branch="false" />
              </lines>
            </method>
          </methods>
          <lines>
            <line number="12" hits="2" branch="false" />
            <line number="15" hits="1" branch="false" />
          </lines>
        </class>
        <class name="TaskManagementService.Listener.Rabbit.Api.Handlers.TaskUpdatedEventHandler" filename="/home/runner/work/TaskManagementService/TaskManagementService/src/TaskManagementService.Listener.Rabbit.Api/Handlers/TaskUpdatedEventHandler.cs" line-rate="1" branch-rate="1" complexity="2">
          <methods>
            <method name="get_ActionName" signature="()" line-rate="1" branch-rate="1" complexity="1">
              <lines>
                <line number="15" hits="1" branch="false" />
              </lines>
            </method>
            <method name=".ctor" signature="(Microsoft.Extensions.Logging.ILogger`1&lt;TaskManagementService.Listener.Rabbit.Api.Handlers.TaskUpdatedEventHandler&gt;)" line-rate="1" branch-rate="1" complexity="1">
              <lines>
                <line number="12" hits="2" branch="false" />
              </lines>
            </method>
          </methods>
          <lines>
            <line number="12" hits="2" branch="false" />
            <line number="15" hits="1" branch="false" />
          </lines>
        </class>
      </classes>
    </package>
  </packages>
</coverage>